0254 initialise_clink          109 ---- 2022/01/13 17:22:03.496 -------------------------------------------------
0254 initialise_clink          110 Host process is 'cmd.exe'
0254 initialise_clink          124 Windows version 10.0.19043 (x64)
0254 initialise_clink          127 Clink version 1.1.45.1c3985 (x64)
0254 hook_setter::hook_setter   36 >>> Started hook transaction.
0254 hook_iat                   53 Attempting to hook IAT for module 00007FF642770000
0254 hook_iat                   54 Target is (null),SetEnvironmentVariableW (by_name=1)
0254 pe_info::iterate_imports  154 Checking imports in 'msvcrt.dll'
0254 pe_info::iterate_imports  154 Checking imports in 'ntdll.dll'
0254 pe_info::iterate_imports  154 Checking imports in 'api-ms-win-core-kernel32-legacy-l1-1-0.dll'
0254 pe_info::iterate_imports  154 Checking imports in 'api-ms-win-core-libraryloader-l1-2-0.dll'
0254 pe_info::iterate_imports  154 Checking imports in 'api-ms-win-core-synch-l1-1-0.dll'
0254 pe_info::iterate_imports  154 Checking imports in 'api-ms-win-core-heap-l1-1-0.dll'
0254 pe_info::iterate_imports  154 Checking imports in 'api-ms-win-core-errorhandling-l1-1-0.dll'
0254 pe_info::iterate_imports  154 Checking imports in 'api-ms-win-core-processthreads-l1-1-0.dll'
0254 pe_info::iterate_imports  154 Checking imports in 'api-ms-win-core-localization-l1-2-0.dll'
0254 pe_info::iterate_imports  154 Checking imports in 'api-ms-win-core-debug-l1-1-0.dll'
0254 pe_info::iterate_imports  154 Checking imports in 'api-ms-win-core-handle-l1-1-0.dll'
0254 pe_info::iterate_imports  154 Checking imports in 'api-ms-win-core-memory-l1-1-0.dll'
0254 pe_info::iterate_imports  154 Checking imports in 'api-ms-win-core-console-l1-1-0.dll'
0254 pe_info::iterate_imports  154 Checking imports in 'api-ms-win-core-file-l1-1-0.dll'
0254 pe_info::iterate_imports  154 Checking imports in 'api-ms-win-core-string-l1-1-0.dll'
0254 pe_info::iterate_imports  154 Checking imports in 'api-ms-win-core-processenvironment-l1-1-0.dll'
0254 hook_iat                   81 Found import at 00007FF6427A3860 (value = 00007FF8D84DC370)
0254 hook_iat                   53 Attempting to hook IAT for module 00007FF882CB0000
0254 hook_iat                   54 Target is (null),SetEnvironmentVariableW (by_name=1)
0254 pe_info::iterate_imports  154 Checking imports in 'VERSION.dll'
0254 pe_info::iterate_imports  154 Checking imports in 'SHLWAPI.dll'
0254 pe_info::iterate_imports  154 Checking imports in 'RPCRT4.dll'
0254 pe_info::iterate_imports  154 Checking imports in 'dbghelp.dll'
0254 pe_info::iterate_imports  154 Checking imports in 'KERNEL32.dll'
0254 hook_iat                   81 Found import at 00007FF882D92208 (value = 00007FF8D8F109C0)
0254 hook_iat                   53 Attempting to hook IAT for module 00007FF642770000
0254 hook_iat                   54 Target is (null),WriteConsoleW (by_name=1)
0254 pe_info::iterate_imports  154 Checking imports in 'msvcrt.dll'
0254 pe_info::iterate_imports  154 Checking imports in 'ntdll.dll'
0254 pe_info::iterate_imports  154 Checking imports in 'api-ms-win-core-kernel32-legacy-l1-1-0.dll'
0254 pe_info::iterate_imports  154 Checking imports in 'api-ms-win-core-libraryloader-l1-2-0.dll'
0254 pe_info::iterate_imports  154 Checking imports in 'api-ms-win-core-synch-l1-1-0.dll'
0254 pe_info::iterate_imports  154 Checking imports in 'api-ms-win-core-heap-l1-1-0.dll'
0254 pe_info::iterate_imports  154 Checking imports in 'api-ms-win-core-errorhandling-l1-1-0.dll'
0254 pe_info::iterate_imports  154 Checking imports in 'api-ms-win-core-processthreads-l1-1-0.dll'
0254 pe_info::iterate_imports  154 Checking imports in 'api-ms-win-core-localization-l1-2-0.dll'
0254 pe_info::iterate_imports  154 Checking imports in 'api-ms-win-core-debug-l1-1-0.dll'
0254 pe_info::iterate_imports  154 Checking imports in 'api-ms-win-core-handle-l1-1-0.dll'
0254 pe_info::iterate_imports  154 Checking imports in 'api-ms-win-core-memory-l1-1-0.dll'
0254 pe_info::iterate_imports  154 Checking imports in 'api-ms-win-core-console-l1-1-0.dll'
0254 hook_iat                   81 Found import at 00007FF6427A34F8 (value = 00007FF8D84815C0)
0254 hook_iat                   53 Attempting to hook IAT for module 00007FF882CB0000
0254 hook_iat                   54 Target is (null),WriteConsoleW (by_name=1)
0254 pe_info::iterate_imports  154 Checking imports in 'VERSION.dll'
0254 pe_info::iterate_imports  154 Checking imports in 'SHLWAPI.dll'
0254 pe_info::iterate_imports  154 Checking imports in 'RPCRT4.dll'
0254 pe_info::iterate_imports  154 Checking imports in 'dbghelp.dll'
0254 pe_info::iterate_imports  154 Checking imports in 'KERNEL32.dll'
0254 hook_iat                   81 Found import at 00007FF882D920E8 (value = 00007FF8D8F153C0)
0254 hook_iat                   53 Attempting to hook IAT for module 00007FF642770000
0254 hook_iat                   54 Target is (null),GetEnvironmentVariableW (by_name=1)
0254 pe_info::iterate_imports  154 Checking imports in 'msvcrt.dll'
0254 pe_info::iterate_imports  154 Checking imports in 'ntdll.dll'
0254 pe_info::iterate_imports  154 Checking imports in 'api-ms-win-core-kernel32-legacy-l1-1-0.dll'
0254 pe_info::iterate_imports  154 Checking imports in 'api-ms-win-core-libraryloader-l1-2-0.dll'
0254 pe_info::iterate_imports  154 Checking imports in 'api-ms-win-core-synch-l1-1-0.dll'
0254 pe_info::iterate_imports  154 Checking imports in 'api-ms-win-core-heap-l1-1-0.dll'
0254 pe_info::iterate_imports  154 Checking imports in 'api-ms-win-core-errorhandling-l1-1-0.dll'
0254 pe_info::iterate_imports  154 Checking imports in 'api-ms-win-core-processthreads-l1-1-0.dll'
0254 pe_info::iterate_imports  154 Checking imports in 'api-ms-win-core-localization-l1-2-0.dll'
0254 pe_info::iterate_imports  154 Checking imports in 'api-ms-win-core-debug-l1-1-0.dll'
0254 pe_info::iterate_imports  154 Checking imports in 'api-ms-win-core-handle-l1-1-0.dll'
0254 pe_info::iterate_imports  154 Checking imports in 'api-ms-win-core-memory-l1-1-0.dll'
0254 pe_info::iterate_imports  154 Checking imports in 'api-ms-win-core-console-l1-1-0.dll'
0254 pe_info::iterate_imports  154 Checking imports in 'api-ms-win-core-file-l1-1-0.dll'
0254 pe_info::iterate_imports  154 Checking imports in 'api-ms-win-core-string-l1-1-0.dll'
0254 pe_info::iterate_imports  154 Checking imports in 'api-ms-win-core-processenvironment-l1-1-0.dll'
0254 hook_iat                   81 Found import at 00007FF6427A3880 (value = 00007FF8D849AB60)
0254 hook_iat                   53 Attempting to hook IAT for module 00007FF882CB0000
0254 hook_iat                   54 Target is (null),GetEnvironmentVariableW (by_name=1)
0254 pe_info::iterate_imports  154 Checking imports in 'VERSION.dll'
0254 pe_info::iterate_imports  154 Checking imports in 'SHLWAPI.dll'
0254 pe_info::iterate_imports  154 Checking imports in 'RPCRT4.dll'
0254 pe_info::iterate_imports  154 Checking imports in 'dbghelp.dll'
0254 pe_info::iterate_imports  154 Checking imports in 'KERNEL32.dll'
0254 hook_iat                   81 Found import at 00007FF882D92200 (value = 00007FF8D8F0B620)
0254 hook_setter::commit        88 <<< Hook transaction committed.
0254 hook_iat                   53 Attempting to hook IAT for module 00007FF642770000
0254 hook_iat                   54 Target is (null),GetEnvironmentVariableW (by_name=1)
0254 pe_info::iterate_imports  154 Checking imports in 'msvcrt.dll'
0254 pe_info::iterate_imports  154 Checking imports in 'ntdll.dll'
0254 pe_info::iterate_imports  154 Checking imports in 'api-ms-win-core-kernel32-legacy-l1-1-0.dll'
0254 pe_info::iterate_imports  154 Checking imports in 'api-ms-win-core-libraryloader-l1-2-0.dll'
0254 pe_info::iterate_imports  154 Checking imports in 'api-ms-win-core-synch-l1-1-0.dll'
0254 pe_info::iterate_imports  154 Checking imports in 'api-ms-win-core-heap-l1-1-0.dll'
0254 pe_info::iterate_imports  154 Checking imports in 'api-ms-win-core-errorhandling-l1-1-0.dll'
0254 pe_info::iterate_imports  154 Checking imports in 'api-ms-win-core-processthreads-l1-1-0.dll'
0254 pe_info::iterate_imports  154 Checking imports in 'api-ms-win-core-localization-l1-2-0.dll'
0254 pe_info::iterate_imports  154 Checking imports in 'api-ms-win-core-debug-l1-1-0.dll'
0254 pe_info::iterate_imports  154 Checking imports in 'api-ms-win-core-handle-l1-1-0.dll'
0254 pe_info::iterate_imports  154 Checking imports in 'api-ms-win-core-memory-l1-1-0.dll'
0254 pe_info::iterate_imports  154 Checking imports in 'api-ms-win-core-console-l1-1-0.dll'
0254 pe_info::iterate_imports  154 Checking imports in 'api-ms-win-core-file-l1-1-0.dll'
0254 pe_info::iterate_imports  154 Checking imports in 'api-ms-win-core-string-l1-1-0.dll'
0254 pe_info::iterate_imports  154 Checking imports in 'api-ms-win-core-processenvironment-l1-1-0.dll'
0254 hook_iat                   81 Found import at 00007FF6427A3880 (value = 00007FF882CC0D30)
0254 hook_setter::hook_setter   36 >>> Started hook transaction.
0254 hook_setter::add_detour   119 Attempting to hook ReadConsoleW in kernelbase.dll with 00007FF882CC10C0.
0254 add_repair_iat_node       135 Attempting to hook IAT for module 00007FF882CB0000.
0254 add_repair_iat_node       143 Target is ReadConsoleW (by name).
0254 pe_info::iterate_imports  154 Checking imports in 'VERSION.dll'
0254 pe_info::iterate_imports  154 Checking imports in 'SHLWAPI.dll'
0254 pe_info::iterate_imports  154 Checking imports in 'RPCRT4.dll'
0254 pe_info::iterate_imports  154 Checking imports in 'dbghelp.dll'
0254 pe_info::iterate_imports  154 Checking imports in 'KERNEL32.dll'
0254 add_repair_iat_node       168 Found import at 00007FF882D921F8 (value is 00007FF8D8F15370).
0254 hook_setter::commit        88 <<< Hook transaction committed.
0254 win_screen_buffer::begin  184 Using native terminal support; found 'conemuhk64.dll'.
0254 history_db::initialise   1061 master bank ctag: |CTAG_1641385674_1270047375_13056_0
0254 history_db::compact      1231 History:  8 active, 1 deleted
